Cancel
Data Loaded, showing Example!


PONUMBER      : 4128837
SHIPDATE      : 8/20/2012
SHIPPERNAME   : UPS Residential 
TRACKINGNO    : 1ZY030180353051640
PRODNUM       : 063-1960
QTYSHIPPED    : 1
INVOICENUMBER : 461453
LINECOMPLETE  : Y
LINENO        : 10

PONUMBER      : 4868607
SHIPDATE      : 8/20/2012
SHIPPERNAME   : UPS Residential 
TRACKINGNO    : 1ZY030180355418723
PRODNUM       : DEC250A
QTYSHIPPED    : 1
INVOICENUMBER : 461460
LINECOMPLETE  : Y
LINENO        : 10

PONUMBER      : 4608247
SHIPDATE      : 8/20/2012
SHIPPERNAME   : UPS  - Ground
TRACKINGNO    : 1ZY030180355607948
PRODNUM       : 1675SJS
QTYSHIPPED    : 1
INVOICENUMBER : 461461
LINECOMPLETE  : Y
LINENO        : 10



